#
# A fatal error has been detected by the Java Runtime Environment:
#
#  SIGBUS (0x7) at pc=0x00007fd7db4db651, pid=3604, tid=0x00007fd7734f6700
#
# JRE version: OpenJDK Runtime Environment (8.0_242-b08) (build 1.8.0_242-b08)
# Java VM: OpenJDK 64-Bit Server VM (25.242-b08 mixed mode linux-amd64 compressed oops)
# Problematic frame:
# C  [libzip.so+0x5651]
#
# Core dump written. Default location: /home/quieoo/desktop/iota/iri_i.8.1_modified/iri/core or core.3604
#
# If you would like to submit a bug report, please visit:
#   http://bugreport.java.com/bugreport/crash.jsp
# The crash happened outside the Java Virtual Machine in native code.
# See problematic frame for where to report the bug.
#

---------------  T H R E A D  ---------------

Current thread (0x00007fd78c067800):  JavaThread "Shutdown Hook" [_thread_in_native, id=3861, stack(0x00007fd7733f6000,0x00007fd7734f7000)]

siginfo: si_signo: 7 (SIGBUS), si_code: 2 (BUS_ADRERR), si_addr: 0x00007fd7a77c2934

Registers:
RAX=0x00007fd79c000cf0, RBX=0x00007fd7d41b1af0, RCX=0x00007fd7941d2616, RDX=0x0000000000000000
RSP=0x00007fd7734f3400, RBP=0x00007fd7734f3470, RSI=0x0000000000000000, RDI=0x0000000000000048
R8 =0x00007fd79c000cf0, R9 =0x0000000000000024, R10=0x00007fd7c5183898, R11=0x00000000000002ec
R12=0x0000000000074914, R13=0x000000002c11c3e7, R14=0x00007fd7a77c2914, R15=0x00007fd79c000cf0
RIP=0x00007fd7db4db651, EFLAGS=0x0000000000010206, CSGSFS=0x002b000000000033, ERR=0x0000000000000004
  TRAPNO=0x000000000000000e

Top of Stack: (sp=0x00007fd7734f3400)
0x00007fd7734f3400:   0000000000000000 0000000000000007
0x00007fd7734f3410:   00007fd773ae1928 00007fd7da336ad5
0x00007fd7734f3420:   00007fd7734f3440 00007fd7734f3440
0x00007fd7734f3430:   00000000c5069e60 00007fd7dae2bfa2
0x00007fd7734f3440:   0000000000000001 00007fd7d41d2310
0x00007fd7734f3450:   0000000000000024 000000002c11c3e7
0x00007fd7734f3460:   00007fd7d512e190 00007fd7d41b1af0
0x00007fd7734f3470:   00007fd7734f34c0 00007fd7db4dc32e
0x00007fd7734f3480:   00000024014f3520 00007fd7734f34e0
0x00007fd7734f3490:   00007fd78c067800 0000000000000001
0x00007fd7734f34a0:   0000000000000024 00007fd7734f34e0
0x00007fd7734f34b0:   00007fd7d41b1af0 00007fd78c0679e0
0x00007fd7734f34c0:   00007fd7734f3920 00007fd7db4da288
0x00007fd7734f34d0:   00007fd7d8a47b48 00007fd7734f3938
0x00007fd7734f34e0:   61746f692f6d6f63 6974752f6972692f
0x00007fd7734f34f0:   4961746f492f736c 632e736c6974554f
0x00007fd7734f3500:   000000007373616c 00007fd78c067800
0x00007fd7734f3510:   00007fd7734f3550 00007fd7daf0b93f
0x00007fd7734f3520:   00007fd7d8a47b48 00007fd78c067800
0x00007fd7734f3530:   0000000000000000 0000000000000000
0x00007fd7734f3540:   0000000085cf2180 0000000000000000
0x00007fd7734f3550:   00007fd7734f37f0 00007fd7c504609a
0x00007fd7734f3560:   000000000000037f 0000000000000000
0x00007fd7734f3570:   0000000000000000 0000ffff00001fa0
0x00007fd7734f3580:   0000000000000000 0000000000000000
0x00007fd7734f3590:   0000000000000000 0000000000000000
0x00007fd7734f35a0:   0000000000000000 0000000000000000
0x00007fd7734f35b0:   0000000000000000 0000000000000000
0x00007fd7734f35c0:   0000000000000000 0000000000000000
0x00007fd7734f35d0:   0000000000000000 0000000000000000
0x00007fd7734f35e0:   0000000000000000 0000000000000000
0x00007fd7734f35f0:   0000000000000000 0000000000000000 

Instructions: (pc=0x00007fd7db4db651)
0x00007fd7db4db631:   8b 73 48 48 8b 7b 10 b9 a0 00 00 00 4c 89 e2 e8
0x00007fd7db4db641:   bb fe ff ff 49 89 c6 4d 85 f6 0f 84 5f 03 00 00
0x00007fd7db4db651:   41 0f b7 46 20 45 0f b7 6e 1c 48 c7 45 c8 00 00
0x00007fd7db4db661:   00 00 45 0f b7 66 1e 66 89 45 b4 44 89 e9 89 45 

Register to memory mapping:

RAX=0x00007fd79c000cf0 is an unknown value
RBX=0x00007fd7d41b1af0 is an unknown value
RCX=0x00007fd7941d2616 is an unknown value
RDX=0x0000000000000000 is an unknown value
RSP=0x00007fd7734f3400 is pointing into the stack for thread: 0x00007fd78c067800
RBP=0x00007fd7734f3470 is pointing into the stack for thread: 0x00007fd78c067800
RSI=0x0000000000000000 is an unknown value
RDI=0x0000000000000048 is an unknown value
R8 =0x00007fd79c000cf0 is an unknown value
R9 =0x0000000000000024 is an unknown value
R10=0x00007fd7c5183898 is at entry_point+88 in (nmethod*)0x00007fd7c51836d0
R11=0x00000000000002ec is an unknown value
R12=0x0000000000074914 is an unknown value
R13=0x000000002c11c3e7 is an unknown value
R14=0x00007fd7a77c2914 is an unknown value
R15=0x00007fd79c000cf0 is an unknown value


Stack: [0x00007fd7733f6000,0x00007fd7734f7000],  sp=0x00007fd7734f3400,  free space=1013k
Native frames: (J=compiled Java code, j=interpreted, Vv=VM code, C=native code)
C  [libzip.so+0x5651]
C  [libzip.so+0x632e]
C  [libzip.so+0x4288]  Java_java_util_zip_ZipFile_getEntry+0x88
J 243  java.util.zip.ZipFile.getEntry(J[BZ)J (0 bytes) @ 0x00007fd7c518390e [0x00007fd7c5183840+0xce]
J 317 C1 java.util.zip.ZipFile.getEntry(Ljava/lang/String;)Ljava/util/zip/ZipEntry; (101 bytes) @ 0x00007fd7c51ca48c [0x00007fd7c51ca220+0x26c]
J 316 C1 java.util.jar.JarFile.getEntry(Ljava/lang/String;)Ljava/util/zip/ZipEntry; (22 bytes) @ 0x00007fd7c51c6464 [0x00007fd7c51c63e0+0x84]
J 846 C2 sun.misc.URLClassPath$JarLoader.getResource(Ljava/lang/String;Z)Lsun/misc/Resource; (85 bytes) @ 0x00007fd7c52f9c40 [0x00007fd7c52f99a0+0x2a0]
J 1684 C2 sun.misc.URLClassPath.getResource(Ljava/lang/String;Z)Lsun/misc/Resource; (83 bytes) @ 0x00007fd7c550c394 [0x00007fd7c550c220+0x174]
J 310 C1 java.net.URLClassLoader$1.run()Ljava/lang/Class; (63 bytes) @ 0x00007fd7c51c059c [0x00007fd7c51c03a0+0x1fc]
J 248 C1 java.net.URLClassLoader$1.run()Ljava/lang/Object; (5 bytes) @ 0x00007fd7c518b60c [0x00007fd7c518b580+0x8c]
v  ~StubRoutines::call_stub
V  [libjvm.so+0x65e49e]
V  [libjvm.so+0x6c045c]  JVM_DoPrivileged+0x2bc
J 215  java.security.AccessController.doPrivileged(Ljava/security/PrivilegedExceptionAction;Ljava/security/AccessControlContext;)Ljava/lang/Object; (0 bytes) @ 0x00007fd7c5178615 [0x00007fd7c5178540+0xd5]
J 246 C1 java.net.URLClassLoader.findClass(Ljava/lang/String;)Ljava/lang/Class; (47 bytes) @ 0x00007fd7c518a984 [0x00007fd7c518a800+0x184]
J 112 C1 java.lang.ClassLoader.loadClass(Ljava/lang/String;Z)Ljava/lang/Class; (122 bytes) @ 0x00007fd7c5148f9c [0x00007fd7c5148640+0x95c]
J 195 C1 sun.misc.Launcher$AppClassLoader.loadClass(Ljava/lang/String;Z)Ljava/lang/Class; (85 bytes) @ 0x00007fd7c517030c [0x00007fd7c516f980+0x98c]
J 194 C1 java.lang.ClassLoader.loadClass(Ljava/lang/String;)Ljava/lang/Class; (7 bytes) @ 0x00007fd7c516f5c4 [0x00007fd7c516f4c0+0x104]
v  ~StubRoutines::call_stub
V  [libjvm.so+0x65e49e]
V  [libjvm.so+0x65bce8]
V  [libjvm.so+0x65c35f]
V  [libjvm.so+0x9ddcb6]
V  [libjvm.so+0x9de5e3]
V  [libjvm.so+0x9e04d3]
V  [libjvm.so+0x4c29b2]
V  [libjvm.so+0x4c5322]
V  [libjvm.so+0x7a9356]
V  [libjvm.so+0x7a976f]
V  [libjvm.so+0x656878]
j  com.iota.iri.storage.rocksDB.RocksDBPersistenceProvider.shutdown()V+31
j  com.iota.iri.storage.Tangle$$Lambda$83.accept(Ljava/lang/Object;)V+4
j  java.util.ArrayList.forEach(Ljava/util/function/Consumer;)V+47
j  com.iota.iri.storage.Tangle.shutdown()V+19
j  com.iota.iri.Iota.shutdown()V+97
j  com.iota.iri.IRI$IRILauncher.lambda$0()V+26
j  com.iota.iri.IRI$IRILauncher$$Lambda$51.run()V+0
j  java.lang.Thread.run()V+11
v  ~StubRoutines::call_stub
V  [libjvm.so+0x65e49e]
V  [libjvm.so+0x65bce8]
V  [libjvm.so+0x65c2c0]
V  [libjvm.so+0x6ad0ef]
V  [libjvm.so+0xa111a6]
V  [libjvm.so+0xa1158c]
V  [libjvm.so+0x8c9a62]
C  [libpthread.so.0+0x946f]  start_thread+0xdf

Java frames: (J=compiled Java code, j=interpreted, Vv=VM code)
J 243  java.util.zip.ZipFile.getEntry(J[BZ)J (0 bytes) @ 0x00007fd7c5183898 [0x00007fd7c5183840+0x58]
J 317 C1 java.util.zip.ZipFile.getEntry(Ljava/lang/String;)Ljava/util/zip/ZipEntry; (101 bytes) @ 0x00007fd7c51ca48c [0x00007fd7c51ca220+0x26c]
J 316 C1 java.util.jar.JarFile.getEntry(Ljava/lang/String;)Ljava/util/zip/ZipEntry; (22 bytes) @ 0x00007fd7c51c6464 [0x00007fd7c51c63e0+0x84]
J 846 C2 sun.misc.URLClassPath$JarLoader.getResource(Ljava/lang/String;Z)Lsun/misc/Resource; (85 bytes) @ 0x00007fd7c52f9c40 [0x00007fd7c52f99a0+0x2a0]
J 1684 C2 sun.misc.URLClassPath.getResource(Ljava/lang/String;Z)Lsun/misc/Resource; (83 bytes) @ 0x00007fd7c550c394 [0x00007fd7c550c220+0x174]
J 310 C1 java.net.URLClassLoader$1.run()Ljava/lang/Class; (63 bytes) @ 0x00007fd7c51c059c [0x00007fd7c51c03a0+0x1fc]
J 248 C1 java.net.URLClassLoader$1.run()Ljava/lang/Object; (5 bytes) @ 0x00007fd7c518b60c [0x00007fd7c518b580+0x8c]
v  ~StubRoutines::call_stub
J 215  java.security.AccessController.doPrivileged(Ljava/security/PrivilegedExceptionAction;Ljava/security/AccessControlContext;)Ljava/lang/Object; (0 bytes) @ 0x00007fd7c51785a3 [0x00007fd7c5178540+0x63]
J 246 C1 java.net.URLClassLoader.findClass(Ljava/lang/String;)Ljava/lang/Class; (47 bytes) @ 0x00007fd7c518a984 [0x00007fd7c518a800+0x184]
J 112 C1 java.lang.ClassLoader.loadClass(Ljava/lang/String;Z)Ljava/lang/Class; (122 bytes) @ 0x00007fd7c5148f9c [0x00007fd7c5148640+0x95c]
J 195 C1 sun.misc.Launcher$AppClassLoader.loadClass(Ljava/lang/String;Z)Ljava/lang/Class; (85 bytes) @ 0x00007fd7c517030c [0x00007fd7c516f980+0x98c]
J 194 C1 java.lang.ClassLoader.loadClass(Ljava/lang/String;)Ljava/lang/Class; (7 bytes) @ 0x00007fd7c516f5c4 [0x00007fd7c516f4c0+0x104]
v  ~StubRoutines::call_stub
j  com.iota.iri.storage.rocksDB.RocksDBPersistenceProvider.shutdown()V+31
j  com.iota.iri.storage.Tangle$$Lambda$83.accept(Ljava/lang/Object;)V+4
j  java.util.ArrayList.forEach(Ljava/util/function/Consumer;)V+47
j  com.iota.iri.storage.Tangle.shutdown()V+19
j  com.iota.iri.Iota.shutdown()V+97
j  com.iota.iri.IRI$IRILauncher.lambda$0()V+26
j  com.iota.iri.IRI$IRILauncher$$Lambda$51.run()V+0
j  java.lang.Thread.run()V+11
v  ~StubRoutines::call_stub

---------------  P R O C E S S  ---------------

Java Threads: ( => current thread )
=>0x00007fd78c067800 JavaThread "Shutdown Hook" [_thread_in_native, id=3861, stack(0x00007fd7733f6000,0x00007fd7734f7000)]
  0x00007fd79c001000 JavaThread "SIGINT handler" daemon [_thread_blocked, id=3859, stack(0x00007fd7735f8000,0x00007fd7736f9000)]
  0x00007fd788005000 JavaThread "logback-4" daemon [_thread_blocked, id=3820, stack(0x00007fd7736f9000,0x00007fd7737fa000)]
  0x00007fd788003000 JavaThread "logback-3" daemon [_thread_blocked, id=3753, stack(0x00007fd7737fa000,0x00007fd7738fb000)]
  0x00007fd788001800 JavaThread "logback-2" daemon [_thread_blocked, id=3728, stack(0x00007fd7738fb000,0x00007fd7739fc000)]
  0x00007fd7d400a800 JavaThread "DestroyJavaVM" [_thread_blocked, id=3605, stack(0x00007fd7da357000,0x00007fd7da457000)]
  0x00007fd748007800 JavaThread "pool-2-thread-1" [_thread_blocked, id=3649, stack(0x00007fd7784ea000,0x00007fd7785eb000)]
  0x00007fd7d4bed000 JavaThread "Thread-1" daemon [_thread_in_native, id=3646, stack(0x00007fd7788ee000,0x00007fd7789ef000)]
  0x00007fd748005000 JavaThread "pool-12-thread-1" [_thread_blocked, id=3644, stack(0x00007fd7786ec000,0x00007fd7787ed000)]
  0x00007fd7d4b5a000 JavaThread "iothread-2" daemon [_thread_in_native, id=3628, stack(0x00007fd779efb000,0x00007fd779ffc000)]
  0x00007fd7d4aef000 JavaThread "reaper-1" daemon [_thread_in_native, id=3627, stack(0x00007fd7a40df000,0x00007fd7a41e0000)]
  0x00007fd7d491f800 JavaThread "metrics-console-reporter-2-thread-1" daemon [_thread_blocked, id=3626, stack(0x00007fd7a45e0000,0x00007fd7a46e1000)]
  0x00007fd7d447d000 JavaThread "metrics-console-reporter-1-thread-1" daemon [_thread_blocked, id=3620, stack(0x00007fd7a5b4b000,0x00007fd7a5c4c000)]
  0x00007fd7d4363800 JavaThread "logback-1" daemon [_thread_blocked, id=3619, stack(0x00007fd7a5e4c000,0x00007fd7a5f4d000)]
  0x00007fd7d4190000 JavaThread "Service Thread" daemon [_thread_blocked, id=3617, stack(0x00007fd7bc09e000,0x00007fd7bc19f000)]
  0x00007fd7d4185000 JavaThread "C1 CompilerThread2" daemon [_thread_blocked, id=3616, stack(0x00007fd7bc1a0000,0x00007fd7bc2a0000)]
  0x00007fd7d4183000 JavaThread "C2 CompilerThread1" daemon [_thread_blocked, id=3615, stack(0x00007fd7c40f2000,0x00007fd7c41f2000)]
  0x00007fd7d4180000 JavaThread "C2 CompilerThread0" daemon [_thread_blocked, id=3614, stack(0x00007fd7c41f3000,0x00007fd7c42f3000)]
  0x00007fd7d417e800 JavaThread "Signal Dispatcher" daemon [_thread_blocked, id=3613, stack(0x00007fd7c42f3000,0x00007fd7c43f4000)]
  0x00007fd7d414d000 JavaThread "Finalizer" daemon [_thread_blocked, id=3612, stack(0x00007fd7c43f4000,0x00007fd7c44f5000)]
  0x00007fd7d4148800 JavaThread "Reference Handler" daemon [_thread_blocked, id=3611, stack(0x00007fd7c44f5000,0x00007fd7c45f6000)]

Other Threads:
  0x00007fd7d413f000 VMThread [stack: 0x00007fd7c45f7000,0x00007fd7c46f7000] [id=3610]
  0x00007fd7d4192800 WatcherThread [stack: 0x00007fd7a791a000,0x00007fd7a7a1a000] [id=3618]

VM state:not at safepoint (normal execution)

VM Mutex/Monitor currently owned by a thread: None

heap address: 0x0000000085400000, size: 1964 MB, Compressed Oops mode: 32-bit
Narrow klass base: 0x0000000000000000, Narrow klass shift: 3
Compressed class space size: 1073741824 Address: 0x0000000100000000

Heap:
 PSYoungGen      total 36864K, used 17888K [0x00000000d7180000, 0x00000000db980000, 0x0000000100000000)
  eden space 31744K, 56% used [0x00000000d7180000,0x00000000d82f8350,0x00000000d9080000)
  from space 5120K, 0% used [0x00000000d9080000,0x00000000d9080000,0x00000000d9580000)
  to   space 5120K, 0% used [0x00000000db480000,0x00000000db480000,0x00000000db980000)
 ParOldGen       total 59904K, used 12161K [0x0000000085400000, 0x0000000088e80000, 0x00000000d7180000)
  object space 59904K, 20% used [0x0000000085400000,0x0000000085fe04f0,0x0000000088e80000)
 Metaspace       used 21498K, capacity 22298K, committed 22448K, reserved 1069056K
  class space    used 2648K, capacity 2931K, committed 2992K, reserved 1048576K

Card table byte_map: [0x00007fd7d9b87000,0x00007fd7d9f5e000] byte_map_base: 0x00007fd7d975d000

Marking Bits: (ParMarkBitMap*) 0x00007fd7db2aecc0
 Begin Bits: [0x00007fd7bc2a0000, 0x00007fd7be150000)
 End Bits:   [0x00007fd7be150000, 0x00007fd7c0000000)

Polling page: 0x00007fd7db54d000

CodeCache: size=245760Kb used=6331Kb max_used=6338Kb free=239428Kb
 bounds [0x00007fd7c5000000, 0x00007fd7c5640000, 0x00007fd7d4000000]
 total_blobs=2576 nmethods=2116 adapters=374
 compilation: enabled

Compilation events (10 events):
Event: 399.152 Thread 0x00007fd7d4185000 nmethod 2118 0x00007fd7c562b090 code [0x00007fd7c562b1e0, 0x00007fd7c562b2f0]
Event: 403.135 Thread 0x00007fd7d4185000 2119   !   3       com.iota.iri.service.snapshot.impl.SnapshotImpl::getIndex (27 bytes)
Event: 403.137 Thread 0x00007fd7d4185000 nmethod 2119 0x00007fd7c562e810 code [0x00007fd7c562ea60, 0x00007fd7c562f7a8]
Event: 406.258 Thread 0x00007fd7d4185000 2120       3       java.util.BitSet::size (9 bytes)
Event: 406.258 Thread 0x00007fd7d4185000 nmethod 2120 0x00007fd7c562ad10 code [0x00007fd7c562ae80, 0x00007fd7c562aff0]
Event: 406.258 Thread 0x00007fd7d4183000 2121       4       java.util.BitSet::checkInvariants (111 bytes)
Event: 406.258 Thread 0x00007fd7d4185000 2122       1       java.util.BitSet::size (9 bytes)
Event: 406.259 Thread 0x00007fd7d4185000 nmethod 2122 0x00007fd7c562e510 code [0x00007fd7c562e660, 0x00007fd7c562e770]
Event: 406.259 Thread 0x00007fd7d4183000 nmethod 2121 0x00007fd7c560f6d0 code [0x00007fd7c560f820, 0x00007fd7c560f878]
Event: 406.676 Thread 0x00007fd7d4185000 2124       3       java.lang.invoke.LambdaForm$BMH/1824835605::reinvoke (25 bytes)

GC Heap History (8 events):
Event: 1.176 GC heap before
{Heap before GC invocations=1 (full 0):
 PSYoungGen      total 36864K, used 31744K [0x00000000d7180000, 0x00000000d9a80000, 0x0000000100000000)
  eden space 31744K, 100% used [0x00000000d7180000,0x00000000d9080000,0x00000000d9080000)
  from space 5120K, 0% used [0x00000000d9580000,0x00000000d9580000,0x00000000d9a80000)
  to   space 5120K, 0% used [0x00000000d9080000,0x00000000d9080000,0x00000000d9580000)
 ParOldGen       total 84992K, used 0K [0x0000000085400000, 0x000000008a700000, 0x00000000d7180000)
  object space 84992K, 0% used [0x0000000085400000,0x0000000085400000,0x000000008a700000)
 Metaspace       used 10999K, capacity 11308K, committed 11392K, reserved 1058816K
  class space    used 1283K, capacity 1390K, committed 1408K, reserved 1048576K
Event: 1.193 GC heap after
Heap after GC invocations=1 (full 0):
 PSYoungGen      total 36864K, used 5088K [0x00000000d7180000, 0x00000000db980000, 0x0000000100000000)
  eden space 31744K, 0% used [0x00000000d7180000,0x00000000d7180000,0x00000000d9080000)
  from space 5120K, 99% used [0x00000000d9080000,0x00000000d9578030,0x00000000d9580000)
  to   space 5120K, 0% used [0x00000000db480000,0x00000000db480000,0x00000000db980000)
 ParOldGen       total 84992K, used 4872K [0x0000000085400000, 0x000000008a700000, 0x00000000d7180000)
  object space 84992K, 5% used [0x0000000085400000,0x00000000858c20d0,0x000000008a700000)
 Metaspace       used 10999K, capacity 11308K, committed 11392K, reserved 1058816K
  class space    used 1283K, capacity 1390K, committed 1408K, reserved 1048576K
}
Event: 4.104 GC heap before
{Heap before GC invocations=2 (full 0):
 PSYoungGen      total 36864K, used 36832K [0x00000000d7180000, 0x00000000db980000, 0x0000000100000000)
  eden space 31744K, 100% used [0x00000000d7180000,0x00000000d9080000,0x00000000d9080000)
  from space 5120K, 99% used [0x00000000d9080000,0x00000000d9578030,0x00000000d9580000)
  to   space 5120K, 0% used [0x00000000db480000,0x00000000db480000,0x00000000db980000)
 ParOldGen       total 84992K, used 4872K [0x0000000085400000, 0x000000008a700000, 0x00000000d7180000)
  object space 84992K, 5% used [0x0000000085400000,0x00000000858c20d0,0x000000008a700000)
 Metaspace       used 18755K, capacity 19540K, committed 19840K, reserved 1067008K
  class space    used 2339K, capacity 2636K, committed 2688K, reserved 1048576K
Event: 4.112 GC heap after
Heap after GC invocations=2 (full 0):
 PSYoungGen      total 36864K, used 5104K [0x00000000d7180000, 0x00000000db980000, 0x0000000100000000)
  eden space 31744K, 0% used [0x00000000d7180000,0x00000000d7180000,0x00000000d9080000)
  from space 5120K, 99% used [0x00000000db480000,0x00000000db97c0e0,0x00000000db980000)
  to   space 5120K, 0% used [0x00000000d9080000,0x00000000d9080000,0x00000000d9580000)
 ParOldGen       total 84992K, used 11385K [0x0000000085400000, 0x000000008a700000, 0x00000000d7180000)
  object space 84992K, 13% used [0x0000000085400000,0x0000000085f1e4a0,0x000000008a700000)
 Metaspace       used 18755K, capacity 19540K, committed 19840K, reserved 1067008K
  class space    used 2339K, capacity 2636K, committed 2688K, reserved 1048576K
}
Event: 4.228 GC heap before
{Heap before GC invocations=3 (full 0):
 PSYoungGen      total 36864K, used 13526K [0x00000000d7180000, 0x00000000db980000, 0x0000000100000000)
  eden space 31744K, 26% used [0x00000000d7180000,0x00000000d79b97d0,0x00000000d9080000)
  from space 5120K, 99% used [0x00000000db480000,0x00000000db97c0e0,0x00000000db980000)
  to   space 5120K, 0% used [0x00000000d9080000,0x00000000d9080000,0x00000000d9580000)
 ParOldGen       total 84992K, used 11385K [0x0000000085400000, 0x000000008a700000, 0x00000000d7180000)
  object space 84992K, 13% used [0x0000000085400000,0x0000000085f1e4a0,0x000000008a700000)
 Metaspace       used 20501K, capacity 21204K, committed 21296K, reserved 1067008K
  class space    used 2546K, capacity 2828K, committed 2864K, reserved 1048576K
Event: 4.233 GC heap after
Heap after GC invocations=3 (full 0):
 PSYoungGen      total 36864K, used 5104K [0x00000000d7180000, 0x00000000db980000, 0x0000000100000000)
  eden space 31744K, 0% used [0x00000000d7180000,0x00000000d7180000,0x00000000d9080000)
  from space 5120K, 99% used [0x00000000d9080000,0x00000000d957c100,0x00000000d9580000)
  to   space 5120K, 0% used [0x00000000db480000,0x00000000db480000,0x00000000db980000)
 ParOldGen       total 84992K, used 13293K [0x0000000085400000, 0x000000008a700000, 0x00000000d7180000)
  object space 84992K, 15% used [0x0000000085400000,0x00000000860fb6a0,0x000000008a700000)
 Metaspace       used 20501K, capacity 21204K, committed 21296K, reserved 1067008K
  class space    used 2546K, capacity 2828K, committed 2864K, reserved 1048576K
}
Event: 4.233 GC heap before
{Heap before GC invocations=4 (full 1):
 PSYoungGen      total 36864K, used 5104K [0x00000000d7180000, 0x00000000db980000, 0x0000000100000000)
  eden space 31744K, 0% used [0x00000000d7180000,0x00000000d7180000,0x00000000d9080000)
  from space 5120K, 99% used [0x00000000d9080000,0x00000000d957c100,0x00000000d9580000)
  to   space 5120K, 0% used [0x00000000db480000,0x00000000db480000,0x00000000db980000)
 ParOldGen       total 84992K, used 13293K [0x0000000085400000, 0x000000008a700000, 0x00000000d7180000)
  object space 84992K, 15% used [0x0000000085400000,0x00000000860fb6a0,0x000000008a700000)
 Metaspace       used 20501K, capacity 21204K, committed 21296K, reserved 1067008K
  class space    used 2546K, capacity 2828K, committed 2864K, reserved 1048576K
Event: 4.259 GC heap after
Heap after GC invocations=4 (full 1):
 PSYoungGen      total 36864K, used 0K [0x00000000d7180000, 0x00000000db980000, 0x0000000100000000)
  eden space 31744K, 0% used [0x00000000d7180000,0x00000000d7180000,0x00000000d9080000)
  from space 5120K, 0% used [0x00000000d9080000,0x00000000d9080000,0x00000000d9580000)
  to   space 5120K, 0% used [0x00000000db480000,0x00000000db480000,0x00000000db980000)
 ParOldGen       total 59904K, used 12161K [0x0000000085400000, 0x0000000088e80000, 0x00000000d7180000)
  object space 59904K, 20% used [0x0000000085400000,0x0000000085fe04f0,0x0000000088e80000)
 Metaspace       used 20501K, capacity 21204K, committed 21296K, reserved 1067008K
  class space    used 2546K, capacity 2828K, committed 2864K, reserved 1048576K
}

Deoptimization events (10 events):
Event: 4.192 Thread 0x00007fd7d400a800 Uncommon trap: reason=bimorphic action=maybe_recompile pc=0x00007fd7c5450510 method=java.util.concurrent.ConcurrentHashMap.get(Ljava/lang/Object;)Ljava/lang/Object; @ 149
Event: 4.193 Thread 0x00007fd7d400a800 Uncommon trap: reason=bimorphic action=maybe_recompile pc=0x00007fd7c5450510 method=java.util.concurrent.ConcurrentHashMap.get(Ljava/lang/Object;)Ljava/lang/Object; @ 149
Event: 4.194 Thread 0x00007fd7d400a800 Uncommon trap: reason=bimorphic action=maybe_recompile pc=0x00007fd7c5450510 method=java.util.concurrent.ConcurrentHashMap.get(Ljava/lang/Object;)Ljava/lang/Object; @ 149
Event: 4.288 Thread 0x00007fd7d400a800 Uncommon trap: reason=unstable_if action=reinterpret pc=0x00007fd7c515114c method=java.lang.String.startsWith(Ljava/lang/String;I)Z @ 25
Event: 4.982 Thread 0x00007fd7d51f4800 Uncommon trap: reason=bimorphic action=maybe_recompile pc=0x00007fd7c52b7230 method=java.util.HashMap.putVal(ILjava/lang/Object;Ljava/lang/Object;ZZ)Ljava/lang/Object; @ 91
Event: 4.983 Thread 0x00007fd7d51f4800 Uncommon trap: reason=bimorphic action=maybe_recompile pc=0x00007fd7c52b7230 method=java.util.HashMap.putVal(ILjava/lang/Object;Ljava/lang/Object;ZZ)Ljava/lang/Object; @ 91
Event: 4.983 Thread 0x00007fd7d51f4800 Uncommon trap: reason=bimorphic action=maybe_recompile pc=0x00007fd7c52b7230 method=java.util.HashMap.putVal(ILjava/lang/Object;Ljava/lang/Object;ZZ)Ljava/lang/Object; @ 91
Event: 4.983 Thread 0x00007fd7d51f4800 Uncommon trap: reason=bimorphic action=maybe_recompile pc=0x00007fd7c52b7230 method=java.util.HashMap.putVal(ILjava/lang/Object;Ljava/lang/Object;ZZ)Ljava/lang/Object; @ 91
Event: 8.157 Thread 0x00007fd7d520e800 Uncommon trap: reason=unstable_if action=reinterpret pc=0x00007fd7c51d9458 method=sun.nio.cs.UTF_8$Encoder.encode([CII[B)I @ 33
Event: 406.259 Thread 0x00007fd78c067800 Uncommon trap: reason=class_check action=maybe_recompile pc=0x00007fd7c56261e8 method=sun.nio.cs.StreamEncoder.writeBytes()V @ 120

Classes redefined (0 events):
No events

Internal exceptions (10 events):
Event: 138.316 Thread 0x00007fd7d520e800 Exception <a 'java/net/NoRouteToHostException'> (0x00000000d74b72d0) thrown at [/build/java8-openjdk/src/jdk8u-jdk8u242-b08/hotspot/src/share/vm/prims/jni.cpp, line 710]
Event: 203.396 Thread 0x00007fd7d520e800 Exception <a 'java/net/UnknownHostException'> (0x00000000d74bb1d0) thrown at [/build/java8-openjdk/src/jdk8u-jdk8u242-b08/hotspot/src/share/vm/prims/jni.cpp, line 737]
Event: 203.397 Thread 0x00007fd7d520e800 Exception <a 'java/net/NoRouteToHostException'> (0x00000000d74bbbf8) thrown at [/build/java8-openjdk/src/jdk8u-jdk8u242-b08/hotspot/src/share/vm/prims/jni.cpp, line 710]
Event: 268.476 Thread 0x00007fd7d520e800 Exception <a 'java/net/UnknownHostException'> (0x00000000d74bfaf8) thrown at [/build/java8-openjdk/src/jdk8u-jdk8u242-b08/hotspot/src/share/vm/prims/jni.cpp, line 737]
Event: 268.477 Thread 0x00007fd7d520e800 Exception <a 'java/net/NoRouteToHostException'> (0x00000000d74c0520) thrown at [/build/java8-openjdk/src/jdk8u-jdk8u242-b08/hotspot/src/share/vm/prims/jni.cpp, line 710]
Event: 333.556 Thread 0x00007fd7d520e800 Exception <a 'java/net/UnknownHostException'> (0x00000000d74c4420) thrown at [/build/java8-openjdk/src/jdk8u-jdk8u242-b08/hotspot/src/share/vm/prims/jni.cpp, line 737]
Event: 333.556 Thread 0x00007fd7d520e800 Exception <a 'java/net/NoRouteToHostException'> (0x00000000d74c4e48) thrown at [/build/java8-openjdk/src/jdk8u-jdk8u242-b08/hotspot/src/share/vm/prims/jni.cpp, line 710]
Event: 398.626 Thread 0x00007fd7d520e800 Exception <a 'java/net/UnknownHostException'> (0x00000000d74c8d48) thrown at [/build/java8-openjdk/src/jdk8u-jdk8u242-b08/hotspot/src/share/vm/prims/jni.cpp, line 737]
Event: 398.626 Thread 0x00007fd7d520e800 Exception <a 'java/net/NoRouteToHostException'> (0x00000000d74c9770) thrown at [/build/java8-openjdk/src/jdk8u-jdk8u242-b08/hotspot/src/share/vm/prims/jni.cpp, line 710]
Event: 406.262 Thread 0x00007fd7d51b9000 Exception <a 'java/lang/InterruptedException': sleep interrupted> (0x00000000d811c108) thrown at [/build/java8-openjdk/src/jdk8u-jdk8u242-b08/hotspot/src/share/vm/prims/jvm.cpp, line 3336]

Events (10 events):
Event: 406.262 Thread 0x00007fd7d5204800 Thread exited: 0x00007fd7d5204800
Event: 406.262 Thread 0x00007fd7d520d800 Thread exited: 0x00007fd7d520d800
Event: 406.262 Thread 0x00007fd7d51f3800 Thread exited: 0x00007fd7d51f3800
Event: 406.262 Thread 0x00007fd7d520e800 Thread exited: 0x00007fd7d520e800
Event: 406.263 Thread 0x00007fd7d520c000 Thread exited: 0x00007fd7d520c000
Event: 406.675 Thread 0x00007fd7d51ff800 Thread exited: 0x00007fd7d51ff800
Event: 406.676 loading class com/iota/iri/storage/PersistenceProvider
Event: 406.676 loading class com/iota/iri/storage/PersistenceProvider done
Event: 406.676 loading class com/iota/iri/utils/IotaIOUtils
Event: 406.676 loading class com/iota/iri/utils/IotaIOUtils done


Dynamic libraries:
85400000-88e80000 rw-p 00000000 00:00 0 
88e80000-d7180000 ---p 00000000 00:00 0 
d7180000-db980000 rw-p 00000000 00:00 0 
db980000-100000000 ---p 00000000 00:00 0 
100000000-1002ec000 rw-p 00000000 00:00 0 
1002ec000-140000000 ---p 00000000 00:00 0 
5616c895d000-5616c895e000 r--p 00000000 08:03 4456489                    /usr/lib/jvm/java-8-openjdk/jre/bin/java
5616c895e000-5616c895f000 r-xp 00001000 08:03 4456489                    /usr/lib/jvm/java-8-openjdk/jre/bin/java
5616c895f000-5616c8960000 r--p 00002000 08:03 4456489                    /usr/lib/jvm/java-8-openjdk/jre/bin/java
5616c8960000-5616c8961000 r--p 00002000 08:03 4456489                    /usr/lib/jvm/java-8-openjdk/jre/bin/java
5616c8961000-5616c8962000 rw-p 00003000 08:03 4456489                    /usr/lib/jvm/java-8-openjdk/jre/bin/java
5616ca512000-5616ca533000 rw-p 00000000 00:00 0                          [heap]
7fd73c000000-7fd73c021000 rw-p 00000000 00:00 0 
7fd73c021000-7fd740000000 ---p 00000000 00:00 0 
7fd740000000-7fd740037000 rw-p 00000000 00:00 0 
7fd740037000-7fd744000000 ---p 00000000 00:00 0 
7fd744000000-7fd744021000 rw-p 00000000 00:00 0 
7fd744021000-7fd748000000 ---p 00000000 00:00 0 
7fd748000000-7fd748021000 rw-p 00000000 00:00 0 
7fd748021000-7fd74c000000 ---p 00000000 00:00 0 
7fd74c000000-7fd74c021000 rw-p 00000000 00:00 0 
7fd74c021000-7fd750000000 ---p 00000000 00:00 0 
7fd750000000-7fd750021000 rw-p 00000000 00:00 0 
7fd750021000-7fd754000000 ---p 00000000 00:00 0 
7fd754000000-7fd754021000 rw-p 00000000 00:00 0 
7fd754021000-7fd758000000 ---p 00000000 00:00 0 
7fd758000000-7fd758021000 rw-p 00000000 00:00 0 
7fd758021000-7fd75c000000 ---p 00000000 00:00 0 
7fd75c000000-7fd75c021000 rw-p 00000000 00:00 0 
7fd75c021000-7fd760000000 ---p 00000000 00:00 0 
7fd760000000-7fd760021000 rw-p 00000000 00:00 0 
7fd760021000-7fd764000000 ---p 00000000 00:00 0 
7fd764000000-7fd764021000 rw-p 00000000 00:00 0 
7fd764021000-7fd768000000 ---p 00000000 00:00 0 
7fd768000000-7fd768021000 rw-p 00000000 00:00 0 
7fd768021000-7fd76c000000 ---p 00000000 00:00 0 
7fd76c000000-7fd76c021000 rw-p 00000000 00:00 0 
7fd76c021000-7fd770000000 ---p 00000000 00:00 0 
7fd7733f6000-7fd7733f9000 ---p 00000000 00:00 0 
7fd7733f9000-7fd7734f7000 rw-p 00000000 00:00 0 
7fd7734f7000-7fd7734fa000 ---p 00000000 00:00 0 
7fd7734fa000-7fd7735f8000 rw-p 00000000 00:00 0 
7fd7735f8000-7fd7735fb000 ---p 00000000 00:00 0 
7fd7735fb000-7fd7736f9000 rw-p 00000000 00:00 0 
7fd7736f9000-7fd7736fc000 ---p 00000000 00:00 0 
7fd7736fc000-7fd7737fa000 rw-p 00000000 00:00 0 
7fd7737fa000-7fd7737fd000 ---p 00000000 00:00 0 
7fd7737fd000-7fd7738fb000 rw-p 00000000 00:00 0 
7fd7738fb000-7fd7738fe000 ---p 00000000 00:00 0 
7fd7738fe000-7fd773afc000 rw-p 00000000 00:00 0 
7fd773afc000-7fd773bff000 ---p 00000000 00:00 0 
7fd773bff000-7fd773cfd000 rw-p 00000000 00:00 0 
7fd773cfd000-7fd773d00000 ---p 00000000 00:00 0 
7fd773d00000-7fd773dfe000 rw-p 00000000 00:00 0 
7fd773dfe000-7fd773e01000 ---p 00000000 00:00 0 
7fd773e01000-7fd773eff000 rw-p 00000000 00:00 0 
7fd773eff000-7fd773f02000 ---p 00000000 00:00 0 
7fd773f02000-7fd774000000 rw-p 00000000 00:00 0 
7fd774000000-7fd774108000 rw-p 00000000 00:00 0 
7fd774108000-7fd778000000 ---p 00000000 00:00 0 
7fd7780e8000-7fd7780eb000 ---p 00000000 00:00 0 
7fd7780eb000-7fd7783e9000 rw-p 00000000 00:00 0 
7fd7783e9000-7fd7783ec000 ---p 00000000 00:00 0 
7fd7783ec000-7fd7784ea000 rw-p 00000000 00:00 0 
7fd7784ea000-7fd7784ed000 ---p 00000000 00:00 0 
7fd7784ed000-7fd7785eb000 rw-p 00000000 00:00 0 
7fd7785eb000-7fd7785ee000 ---p 00000000 00:00 0 
7fd7785ee000-7fd7786ec000 rw-p 00000000 00:00 0 
7fd7786ec000-7fd7786ef000 ---p 00000000 00:00 0 
7fd7786ef000-7fd7787ed000 rw-p 00000000 00:00 0 
7fd7787ed000-7fd7787f0000 ---p 00000000 00:00 0 
7fd7787f0000-7fd7788ee000 rw-p 00000000 00:00 0 
7fd7788ee000-7fd7788f1000 ---p 00000000 00:00 0 
7fd7788f1000-7fd7789ef000 rw-p 00000000 00:00 0 
7fd7789ef000-7fd7789f2000 ---p 00000000 00:00 0 
7fd7789f2000-7fd778af0000 rw-p 00000000 00:00 0 
7fd778af0000-7fd778af3000 ---p 00000000 00:00 0 
7fd778af3000-7fd778bf1000 rw-p 00000000 00:00 0 
7fd778bf1000-7fd778bf4000 ---p 00000000 00:00 0 
7fd778bf4000-7fd778cf2000 rw-p 00000000 00:00 0 
7fd778cf2000-7fd778cf5000 ---p 00000000 00:00 0 
7fd778cf5000-7fd778df3000 rw-p 00000000 00:00 0 
7fd778df3000-7fd778df6000 ---p 00000000 00:00 0 
7fd778df6000-7fd778ef4000 rw-p 00000000 00:00 0 
7fd778ef4000-7fd778ef7000 ---p 00000000 00:00 0 
7fd778ef7000-7fd778ff5000 rw-p 00000000 00:00 0 
7fd778ff5000-7fd778ff8000 ---p 00000000 00:00 0 
7fd778ff8000-7fd7790f6000 rw-p 00000000 00:00 0 
7fd7790f6000-7fd7790f9000 ---p 00000000 00:00 0 
7fd7790f9000-7fd7791f7000 rw-p 00000000 00:00 0 
7fd7791f7000-7fd7791fa000 ---p 00000000 00:00 0 
7fd7791fa000-7fd7792f8000 rw-p 00000000 00:00 0 
7fd7792f8000-7fd7792fb000 ---p 00000000 00:00 0 
7fd7792fb000-7fd7793f9000 rw-p 00000000 00:00 0 
7fd7793f9000-7fd7793fc000 ---p 00000000 00:00 0 
7fd7793fc000-7fd7794fa000 rw-p 00000000 00:00 0 
7fd7794fa000-7fd7794fb000 ---p 00000000 00:00 0 
7fd7794fb000-7fd779efb000 rw-p 00000000 00:00 0 
7fd779efb000-7fd779efe000 ---p 00000000 00:00 0 
7fd779efe000-7fd779ffc000 rw-p 00000000 00:00 0 
7fd779ffc000-7fd779ffd000 ---p 00000000 00:00 0 
7fd779ffd000-7fd77a7fd000 rw-p 00000000 00:00 0 
7fd77a7fd000-7fd77a7fe000 ---p 00000000 00:00 0 
7fd77a7fe000-7fd77affe000 rw-p 00000000 00:00 0 
7fd77affe000-7fd77afff000 ---p 00000000 00:00 0 
7fd77afff000-7fd77b7ff000 rw-p 00000000 00:00 0 
7fd77b7ff000-7fd77b800000 ---p 00000000 00:00 0 
7fd77b800000-7fd77c000000 rw-p 00000000 00:00 0 
7fd77c000000-7fd77c021000 rw-p 00000000 00:00 0 
7fd77c021000-7fd780000000 ---p 00000000 00:00 0 
7fd780000000-7fd780033000 rw-p 00000000 00:00 0 
7fd780033000-7fd784000000 ---p 00000000 00:00 0 
7fd784000000-7fd784021000 rw-p 00000000 00:00 0 
7fd784021000-7fd788000000 ---p 00000000 00:00 0 
7fd788000000-7fd788021000 rw-p 00000000 00:00 0 
7fd788021000-7fd78c000000 ---p 00000000 00:00 0 
7fd78c000000-7fd78c384000 rw-p 00000000 00:00 0 
7fd78c384000-7fd790000000 ---p 00000000 00:00 0 
7fd790000000-7fd790021000 rw-p 00000000 00:00 0 
7fd790021000-7fd794000000 ---p 00000000 00:00 0 
7fd794000000-7fd794383000 rw-p 00000000 00:00 0 
7fd794383000-7fd798000000 ---p 00000000 00:00 0 
7fd798000000-7fd79841f000 rw-p 00000000 00:00 0 
7fd79841f000-7fd79c000000 ---p 00000000 00:00 0 
7fd79c000000-7fd79c021000 rw-p 00000000 00:00 0 
7fd79c021000-7fd7a0000000 ---p 00000000 00:00 0 
7fd7a0000000-7fd7a0021000 rw-p 00000000 00:00 0 
7fd7a0021000-7fd7a4000000 ---p 00000000 00:00 0 
7fd7a4061000-7fd7a4064000 r--p 00000000 08:03 3425620                    /usr/lib/libnss_myhostname.so.2
7fd7a4064000-7fd7a406e000 r-xp 00003000 08:03 3425620                    /usr/lib/libnss_myhostname.so.2
7fd7a406e000-7fd7a4075000 r--p 0000d000 08:03 3425620                    /usr/lib/libnss_myhostname.so.2
7fd7a4075000-7fd7a4078000 r--p 00013000 08:03 3425620                    /usr/lib/libnss_myhostname.so.2
7fd7a4078000-7fd7a4079000 rw-p 00016000 08:03 3425620                    /usr/lib/libnss_myhostname.so.2
7fd7a4079000-7fd7a407f000 r--p 00000000 08:03 3425623                    /usr/lib/libnss_resolve.so.2
7fd7a407f000-7fd7a40b0000 r-xp 00006000 08:03 3425623                    /usr/lib/libnss_resolve.so.2
7fd7a40b0000-7fd7a40c1000 r--p 00037000 08:03 3425623                    /usr/lib/libnss_resolve.so.2
7fd7a40c1000-7fd7a40c4000 r--p 00047000 08:03 3425623                    /usr/lib/libnss_resolve.so.2
7fd7a40c4000-7fd7a40c5000 rw-p 0004a000 08:03 3425623                    /usr/lib/libnss_resolve.so.2
7fd7a40c5000-7fd7a40c6000 rw-p 00000000 00:00 0 
7fd7a40c6000-7fd7a40ca000 r--p 00000000 08:03 3425595                    /usr/lib/libresolv-2.31.so
7fd7a40ca000-7fd7a40d7000 r-xp 00004000 08:03 3425595                    /usr/lib/libresolv-2.31.so
7fd7a40d7000-7fd7a40da000 r--p 00011000 08:03 3425595                    /usr/lib/libresolv-2.31.so
7fd7a40da000-7fd7a40db000 ---p 00014000 08:03 3425595                    /usr/lib/libresolv-2.31.so
7fd7a40db000-7fd7a40dc000 r--p 00014000 08:03 3425595                    /usr/lib/libresolv-2.31.so
7fd7a40dc000-7fd7a40dd000 rw-p 00015000 08:03 3425595                    /usr/lib/libresolv-2.31.so
7fd7a40dd000-7fd7a40df000 rw-p 00000000 00:00 0 
7fd7a40df000-7fd7a40e2000 ---p 00000000 00:00 0 
7fd7a40e2000-7fd7a43e0000 rw-p 00000000 00:00 0 
7fd7a43e0000-7fd7a45e0000 rw-p 00000000 00:00 0 
7fd7a45e0000-7fd7a45e3000 ---p 00000000 00:00 0 
7fd7a45e3000-7fd7a46e1000 rw-p 00000000 00:00 0 
7fd7a46e1000-7fd7a46e2000 ---p 00000000 00:00 0 
7fd7a46e2000-7fd7a4ee2000 rw-p 00000000 00:00 0 
7fd7a4ee2000-7fd7a5694000 r-xp 00000000 00:2d 43                         /tmp/librocksdbjni2955263091544526237.so
7fd7a5694000-7fd7a5894000 ---p 007b2000 00:2d 43                         /tmp/librocksdbjni2955263091544526237.so
7fd7a5894000-7fd7a58a6000 r--p 007b2000 00:2d 43                         /tmp/librocksdbjni2955263091544526237.so
7fd7a58a6000-7fd7a58af000 rw-p 007c4000 00:2d 43                         /tmp/librocksdbjni2955263091544526237.so
7fd7a58af000-7fd7a58b8000 rw-p 00000000 00:00 0 
7fd7a58b8000-7fd7a58bd000 r--p 00000000 08:03 3414134                    /usr/lib/libzstd.so.1.4.4
7fd7a58bd000-7fd7a594f000 r-xp 00005000 08:03 3414134                    /usr/lib/libzstd.so.1.4.4
7fd7a594f000-7fd7a5960000 r--p 00097000 08:03 3414134                    /usr/lib/libzstd.so.1.4.4
7fd7a5960000-7fd7a5961000 r--p 000a7000 08:03 3414134                    /usr/lib/libzstd.so.1.4.4
7fd7a5961000-7fd7a5962000 rw-p 000a8000 08:03 3414134                    /usr/lib/libzstd.so.1.4.4
7fd7a5962000-7fd7a59f8000 r--p 00000000 08:03 3414085                    /usr/lib/libstdc++.so.6.0.28
7fd7a59f8000-7fd7a5af1000 r-xp 00096000 08:03 3414085                    /usr/lib/libstdc++.so.6.0.28
7fd7a5af1000-7fd7a5b3a000 r--p 0018f000 08:03 3414085                    /usr/lib/libstdc++.so.6.0.28
7fd7a5b3a000-7fd7a5b47000 r--p 001d7000 08:03 3414085                    /usr/lib/libstdc++.so.6.0.28
7fd7a5b47000-7fd7a5b48000 rw-p 001e4000 08:03 3414085                    /usr/lib/libstdc++.so.6.0.28
7fd7a5b48000-7fd7a5b4b000 rw-p 00000000 00:00 0 
7fd7a5b4b000-7fd7a5b4e000 ---p 00000000 00:00 0 
7fd7a5b4e000-7fd7a5e4c000 rw-p 00000000 00:00 0 
7fd7a5e4c000-7fd7a5e4f000 ---p 00000000 00:00 0 
7fd7a5e4f000-7fd7a774e000 rw-p 00000000 00:00 0 
7fd7a774e000-7fd7a7919000 r--s 0b19d000 08:04 1579185                    /home/quieoo/desktop/iota/iri_i.8.1_modified/iri/target/original-iri-1.8.1.jar (deleted)
7fd7a7919000-7fd7a791a000 ---p 00000000 00:00 0 
7fd7a791a000-7fd7a7a1a000 rw-p 00000000 00:00 0 
7fd7a7a1a000-7fd7a8000000 r--p 00000000 08:03 3425828                    /usr/lib/locale/locale-archive
7fd7a8000000-7fd7a8021000 rw-p 00000000 00:00 0 
7fd7a8021000-7fd7ac000000 ---p 00000000 00:00 0 
7fd7ac000000-7fd7ac021000 rw-p 00000000 00:00 0 
7fd7ac021000-7fd7b0000000 ---p 00000000 00:00 0 
7fd7b0000000-7fd7b0021000 rw-p 00000000 00:00 0 
7fd7b0021000-7fd7b4000000 ---p 00000000 00:00 0 
7fd7b4000000-7fd7b4021000 rw-p 00000000 00:00 0 
7fd7b4021000-7fd7b8000000 ---p 00000000 00:00 0 
7fd7b8000000-7fd7b8021000 rw-p 00000000 00:00 0 
7fd7b8021000-7fd7bc000000 ---p 00000000 00:00 0 
7fd7bc015000-7fd7bc01b000 r--p 00000000 08:03 3425621                    /usr/lib/libnss_mymachines.so.2
7fd7bc01b000-7fd7bc04d000 r-xp 00006000 08:03 3425621                    /usr/lib/libnss_mymachines.so.2
7fd7bc04d000-7fd7bc05e000 r--p 00038000 08:03 3425621                    /usr/lib/libnss_mymachines.so.2
7fd7bc05e000-7fd7bc061000 r--p 00048000 08:03 3425621                    /usr/lib/libnss_mymachines.so.2
7fd7bc061000-7fd7bc062000 rw-p 0004b000 08:03 3425621                    /usr/lib/libnss_mymachines.so.2
7fd7bc062000-7fd7bc063000 rw-p 00000000 00:00 0 
7fd7bc09e000-7fd7bc0a1000 ---p 00000000 00:00 0 
7fd7bc0a1000-7fd7bc19f000 rw-p 00000000 00:00 0 
7fd7bc19f000-7fd7bc1a0000 ---p 00000000 00:00 0 
7fd7bc1a0000-7fd7bc1a3000 ---p 00000000 00:00 0 
7fd7bc1a3000-7fd7c0000000 rw-p 00000000 00:00 0 
7fd7c0000000-7fd7c0021000 rw-p 00000000 00:00 0 
7fd7c0021000-7fd7c4000000 ---p 00000000 00:00 0 
7fd7c400b000-7fd7c400f000 r--p 00000000 08:03 4456850                    /usr/lib/jvm/java-8-openjdk/jre/lib/amd64/libmanagement.so
7fd7c400f000-7fd7c4012000 r-xp 00004000 08:03 4456850                    /usr/lib/jvm/java-8-openjdk/jre/lib/amd64/libmanagement.so
7fd7c4012000-7fd7c4014000 r--p 00007000 08:03 4456850                    /usr/lib/jvm/java-8-openjdk/jre/lib/amd64/libmanagement.so
7fd7c4014000-7fd7c4015000 r--p 00008000 08:03 4456850                    /usr/lib/jvm/java-8-openjdk/jre/lib/amd64/libmanagement.so
7fd7c4015000-7fd7c4016000 rw-p 00009000 08:03 4456850                    /usr/lib/jvm/java-8-openjdk/jre/lib/amd64/libmanagement.so
7fd7c4016000-7fd7c4019000 r--p 00000000 08:03 3412247                    /usr/lib/libgcc_s.so.1
7fd7c4019000-7fd7c402a000 r-xp 00003000 08:03 3412247                    /usr/lib/libgcc_s.so.1
7fd7c402a000-7fd7c402e000 r--p 00014000 08:03 3412247                    /usr/lib/libgcc_s.so.1
7fd7c402e000-7fd7c402f000 r--p 00017000 08:03 3412247                    /usr/lib/libgcc_s.so.1
7fd7c402f000-7fd7c4030000 rw-p 00018000 08:03 3412247                    /usr/lib/libgcc_s.so.1
7fd7c4030000-7fd7c4033000 r--p 00000000 08:03 3425437                    /usr/lib/libsnappy.so.1.1.8
7fd7c4033000-7fd7c4037000 r-xp 00003000 08:03 3425437                    /usr/lib/libsnappy.so.1.1.8
7fd7c4037000-7fd7c4039000 r--p 00007000 08:03 3425437                    /usr/lib/libsnappy.so.1.1.8
7fd7c4039000-7fd7c403a000 r--p 00008000 08:03 3425437                    /usr/lib/libsnappy.so.1.1.8
7fd7c403a000-7fd7c403b000 rw-p 00009000 08:03 3425437                    /usr/lib/libsnappy.so.1.1.8
7fd7c403c000-7fd7c4041000 r--s 002f9000 08:03 4456865                    /usr/lib/jvm/java-8-openjdk/jre/lib/charsets.jar
7fd7c4041000-7fd7c4042000 r--p 00000000 08:03 3423205                    /usr/lib/libnss_mdns4.so.2
7fd7c4042000-7fd7c4044000 r-xp 00001000 08:03 3423205                    /usr/lib/libnss_mdns4.so.2
7fd7c4044000-7fd7c4045000 r--p 00003000 08:03 3423205                    /usr/lib/libnss_mdns4.so.2
7fd7c4045000-7fd7c4046000 r--p 00003000 08:03 3423205                    /usr/lib/libnss_mdns4.so.2
7fd7c4046000-7fd7c4047000 rw-p 00004000 08:03 3423205                    /usr/lib/libnss_mdns4.so.2
7fd7c4047000-7fd7c4049000 r--p 00000000 08:03 3416827                    /usr/lib/libnss_dns-2.31.so
7fd7c4049000-7fd7c404d000 r-xp 00002000 08:03 3416827                    /usr/lib/libnss_dns-2.31.so
7fd7c404d000-7fd7c404e000 r--p 00006000 08:03 3416827                    /usr/lib/libnss_dns-2.31.so
7fd7c404e000-7fd7c404f000 r--p 00006000 08:03 3416827                    /usr/lib/libnss_dns-2.31.so
7fd7c404f000-7fd7c4050000 rw-p 00007000 08:03 3416827                    /usr/lib/libnss_dns-2.31.so
7fd7c4050000-7fd7c4051000 r--p 00000000 08:03 3423206                    /usr/lib/libnss_mdns4_minimal.so.2
7fd7c4051000-7fd7c4053000 r-xp 00001000 08:03 3423206                    /usr/lib/libnss_mdns4_minimal.so.2
7fd7c4053000-7fd7c4054000 r--p 00003000 08:03 3423206                    /usr/lib/libnss_mdns4_minimal.so.2
7fd7c4054000-7fd7c4055000 r--p 00003000 08:03 3423206                    /usr/lib/libnss_mdns4_minimal.so.2
7fd7c4055000-7fd7c4056000 rw-p 00004000 08:03 3423206                    /usr/lib/libnss_mdns4_minimal.so.2
7fd7c4056000-7fd7c4071000 r--s 001d6000 08:03 4456881                    /usr/lib/jvm/java-8-openjdk/jre/lib/ext/nashorn.jar
7fd7c4071000-7fd7c4074000 r--p 00000000 08:03 3413959                    /usr/lib/liblz4.so.1.9.2
7fd7c4074000-7fd7c408e000 r-xp 00003000 08:03 3413959                    /usr/lib/liblz4.so.1.9.2
7fd7c408e000-7fd7c4091000 r--p 0001d000 08:03 3413959                    /usr/lib/liblz4.so.1.9.2
7fd7c4091000-7fd7c4092000 r--p 0001f000 08:03 3413959                    /usr/lib/liblz4.so.1.9.2
7fd7c4092000-7fd7c4093000 rw-p 00020000 08:03 3413959                    /usr/lib/liblz4.so.1.9.2
7fd7c4093000-7fd7c4098000 r--s 000a3000 08:03 4456899                    /usr/lib/jvm/java-8-openjdk/jre/lib/jsse.jar
7fd7c4098000-7fd7c40a2000 r--s 00116000 08:03 4456877                    /usr/lib/jvm/java-8-openjdk/jre/lib/ext/localedata.jar
7fd7c40a2000-7fd7c40c2000 r--p 00000000 08:03 4098674                    /usr/share/locale/zh_CN/LC_MESSAGES/libc.mo
7fd7c40c2000-7fd7c40c7000 r--p 00000000 08:03 4456852                    /usr/lib/jvm/java-8-openjdk/jre/lib/amd64/libnet.so
7fd7c40c7000-7fd7c40d6000 r-xp 00005000 08:03 4456852                    /usr/lib/jvm/java-8-openjdk/jre/lib/amd64/libnet.so
7fd7c40d6000-7fd7c40da000 r--p 00014000 08:03 4456852                    /usr/lib/jvm/java-8-openjdk/jre/lib/amd64/libnet.so
7fd7c40da000-7fd7c40db000 r--p 00017000 08:03 4456852                    /usr/lib/jvm/java-8-openjdk/jre/lib/amd64/libnet.so
7fd7c40db000-7fd7c40dc000 rw-p 00018000 08:03 4456852                    /usr/lib/jvm/java-8-openjdk/jre/lib/amd64/libnet.so
7fd7c40dc000-7fd7c40e3000 r--p 00000000 08:03 4456853                    /usr/lib/jvm/java-8-openjdk/jre/lib/amd64/libnio.so
7fd7c40e3000-7fd7c40eb000 r-xp 00007000 08:03 4456853                    /usr/lib/jvm/java-8-openjdk/jre/lib/amd64/libnio.so
7fd7c40eb000-7fd7c40ee000 r--p 0000f000 08:03 4456853                    /usr/lib/jvm/java-8-openjdk/jre/lib/amd64/libnio.so
7fd7c40ee000-7fd7c40ef000 ---p 00012000 08:03 4456853                    /usr/lib/jvm/java-8-openjdk/jre/lib/amd64/libnio.so
7fd7c40ef000-7fd7c40f0000 r--p 00012000 08:03 4456853                    /usr/lib/jvm/java-8-openjdk/jre/lib/amd64/libnio.so
7fd7c40f0000-7fd7c40f1000 rw-p 00013000 08:03 4456853                    /usr/lib/jvm/java-8-openjdk/jre/lib/amd64/libnio.so
7fd7c40f1000-7fd7c40f2000 ---p 00000000 00:00 0 
7fd7c40f2000-7fd7c40f5000 ---p 00000000 00:00 0 
7fd7c40f5000-7fd7c41f2000 rw-p 00000000 00:00 0 
7fd7c41f2000-7fd7c41f3000 ---p 00000000 00:00 0 
7fd7c41f3000-7fd7c41f6000 ---p 00000000 00:00 0 
7fd7c41f6000-7fd7c42f3000 rw-p 00000000 00:00 0 
7fd7c42f3000-7fd7c42f6000 ---p 00000000 00:00 0 
7fd7c42f6000-7fd7c43f4000 rw-p 00000000 00:00 0 
7fd7c43f4000-7fd7c43f7000 ---p 00000000 00:00 0 
7fd7c43f7000-7fd7c44f5000 rw-p 00000000 00:00 0 
7fd7c44f5000-7fd7c44f8000 ---p 00000000 00:00 0 
7fd7c44f8000-7fd7c45f6000 rw-p 00000000 00:00 0 
7fd7c45f6000-7fd7c45f7000 ---p 00000000 00:00 0 
7fd7c45f7000-7fd7c5000000 rw-p 00000000 00:00 0 
7fd7c5000000-7fd7c5640000 rwxp 00000000 00:00 0 
7fd7c5640000-7fd7d4000000 ---p 00000000 00:00 0 
7fd7d4000000-7fd7d52b8000 rw-p 00000000 00:00 0 
7fd7d52b8000-7fd7d8000000 ---p 00000000 00:00 0 
7fd7d8002000-7fd7d8656000 rw-p 00000000 00:00 0 
7fd7d8656000-7fd7d8826000 r--s 03c68000 08:03 4456912                    /usr/lib/jvm/java-8-openjdk/jre/lib/rt.jar
7fd7d8826000-7fd7d94f4000 rw-p 00000000 00:00 0 
7fd7d94f4000-7fd7d94f5000 ---p 00000000 00:00 0 
7fd7d94f5000-7fd7d95f5000 rw-p 00000000 00:00 0 
7fd7d95f5000-7fd7d95f6000 ---p 00000000 00:00 0 
7fd7d95f6000-7fd7d96f6000 rw-p 00000000 00:00 0 
7fd7d96f6000-7fd7d96f7000 ---p 00000000 00:00 0 
7fd7d96f7000-7fd7d97f7000 rw-p 00000000 00:00 0 
7fd7d97f7000-7fd7d97f8000 ---p 00000000 00:00 0 
7fd7d97f8000-7fd7d9916000 rw-p 00000000 00:00 0 
7fd7d9916000-7fd7d9b87000 ---p 00000000 00:00 0 
7fd7d9b87000-7fd7d9ba5000 rw-p 00000000 00:00 0 
7fd7d9ba5000-7fd7d9e15000 ---p 00000000 00:00 0 
7fd7d9e15000-7fd7d9e3a000 rw-p 00000000 00:00 0 
7fd7d9e3a000-7fd7d9f5d000 ---p 00000000 00:00 0 
7fd7d9f5d000-7fd7d9f77000 rw-p 00000000 00:00 0 
7fd7d9f77000-7fd7da31e000 ---p 00000000 00:00 0 
7fd7da31e000-7fd7da32b000 r--p 00000000 08:03 4456842                    /usr/lib/jvm/java-8-openjdk/jre/lib/amd64/libjava.so
7fd7da32b000-7fd7da341000 r-xp 0000d000 08:03 4456842                    /usr/lib/jvm/java-8-openjdk/jre/lib/amd64/libjava.so
7fd7da341000-7fd7da348000 r--p 00023000 08:03 4456842                    /usr/lib/jvm/java-8-openjdk/jre/lib/amd64/libjava.so
7fd7da348000-7fd7da349000 r--p 00029000 08:03 4456842                    /usr/lib/jvm/java-8-openjdk/jre/lib/amd64/libjava.so
7fd7da349000-7fd7da34a000 rw-p 0002a000 08:03 4456842                    /usr/lib/jvm/java-8-openjdk/jre/lib/amd64/libjava.so
7fd7da34a000-7fd7da34b000 rw-p 00000000 00:00 0 
7fd7da34b000-7fd7da34e000 r--p 00000000 08:03 3425599                    /usr/lib/librt-2.31.so
7fd7da34e000-7fd7da352000 r-xp 00003000 08:03 3425599                    /usr/lib/librt-2.31.so
7fd7da352000-7fd7da353000 r--p 00007000 08:03 3425599                    /usr/lib/librt-2.31.so
7fd7da353000-7fd7da354000 ---p 00008000 08:03 3425599                    /usr/lib/librt-2.31.so
7fd7da354000-7fd7da355000 r--p 00008000 08:03 3425599                    /usr/lib/librt-2.31.so
7fd7da355000-7fd7da356000 rw-p 00009000 08:03 3425599                    /usr/lib/librt-2.31.so
7fd7da356000-7fd7da357000 ---p 00000000 00:00 0 
7fd7da357000-7fd7da35a000 ---p 00000000 00:00 0 
7fd7da35a000-7fd7da457000 rw-p 00000000 00:00 0 
7fd7da457000-7fd7da466000 r--p 00000000 08:03 3416806                    /usr/lib/libm-2.31.so
7fd7da466000-7fd7da502000 r-xp 0000f000 08:03 3416806                    /usr/lib/libm-2.31.so
7fd7da502000-7fd7da59b000 r--p 000ab000 08:03 3416806                    /usr/lib/libm-2.31.so
7fd7da59b000-7fd7da59c000 r--p 00143000 08:03 3416806                    /usr/lib/libm-2.31.so
7fd7da59c000-7fd7da59d000 rw-p 00144000 08:03 3416806                    /usr/lib/libm-2.31.so
7fd7da59d000-7fd7da78f000 r--p 00000000 08:03 4456863                    /usr/lib/jvm/java-8-openjdk/jre/lib/amd64/server/libjvm.so
7fd7da78f000-7fd7db03b000 r-xp 001f2000 08:03 4456863                    /usr/lib/jvm/java-8-openjdk/jre/lib/amd64/server/libjvm.so
7fd7db03b000-7fd7db1dd000 r--p 00a9e000 08:03 4456863                    /usr/lib/jvm/java-8-openjdk/jre/lib/amd64/server/libjvm.so
7fd7db1dd000-7fd7db1de000 ---p 00c40000 08:03 4456863                    /usr/lib/jvm/java-8-openjdk/jre/lib/amd64/server/libjvm.so
7fd7db1de000-7fd7db273000 r--p 00c40000 08:03 4456863                    /usr/lib/jvm/java-8-openjdk/jre/lib/amd64/server/libjvm.so
7fd7db273000-7fd7db29b000 rw-p 00cd5000 08:03 4456863                    /usr/lib/jvm/java-8-openjdk/jre/lib/amd64/server/libjvm.so
7fd7db29b000-7fd7db2ce000 rw-p 00000000 00:00 0 
7fd7db2ce000-7fd7db2d5000 r--p 00000000 08:03 3425214                    /usr/lib/libpthread-2.31.so
7fd7db2d5000-7fd7db2e5000 r-xp 00007000 08:03 3425214                    /usr/lib/libpthread-2.31.so
7fd7db2e5000-7fd7db2ea000 r--p 00017000 08:03 3425214                    /usr/lib/libpthread-2.31.so
7fd7db2ea000-7fd7db2eb000 r--p 0001b000 08:03 3425214                    /usr/lib/libpthread-2.31.so
7fd7db2eb000-7fd7db2ec000 rw-p 0001c000 08:03 3425214                    /usr/lib/libpthread-2.31.so
7fd7db2ec000-7fd7db2f0000 rw-p 00000000 00:00 0 
7fd7db2f0000-7fd7db2f1000 r--p 00000000 08:03 3416799                    /usr/lib/libdl-2.31.so
7fd7db2f1000-7fd7db2f2000 r-xp 00001000 08:03 3416799                    /usr/lib/libdl-2.31.so
7fd7db2f2000-7fd7db2f3000 r--p 00002000 08:03 3416799                    /usr/lib/libdl-2.31.so
7fd7db2f3000-7fd7db2f4000 r--p 00002000 08:03 3416799                    /usr/lib/libdl-2.31.so
7fd7db2f4000-7fd7db2f5000 rw-p 00003000 08:03 3416799                    /usr/lib/libdl-2.31.so
7fd7db2f5000-7fd7db2f8000 r--p 00000000 08:03 3414133                    /usr/lib/libz.so.1.2.11
7fd7db2f8000-7fd7db306000 r-xp 00003000 08:03 3414133                    /usr/lib/libz.so.1.2.11
7fd7db306000-7fd7db30c000 r--p 00011000 08:03 3414133                    /usr/lib/libz.so.1.2.11
7fd7db30c000-7fd7db30d000 ---p 00017000 08:03 3414133                    /usr/lib/libz.so.1.2.11
7fd7db30d000-7fd7db30e000 r--p 00017000 08:03 3414133                    /usr/lib/libz.so.1.2.11
7fd7db30e000-7fd7db30f000 rw-p 00018000 08:03 3414133                    /usr/lib/libz.so.1.2.11
7fd7db30f000-7fd7db334000 r--p 00000000 08:03 3416788                    /usr/lib/libc-2.31.so
7fd7db334000-7fd7db480000 r-xp 00025000 08:03 3416788                    /usr/lib/libc-2.31.so
7fd7db480000-7fd7db4cb000 r--p 00171000 08:03 3416788                    /usr/lib/libc-2.31.so
7fd7db4cb000-7fd7db4ce000 r--p 001bb000 08:03 3416788                    /usr/lib/libc-2.31.so
7fd7db4ce000-7fd7db4d1000 rw-p 001be000 08:03 3416788                    /usr/lib/libc-2.31.so
7fd7db4d1000-7fd7db4d5000 rw-p 00000000 00:00 0 
7fd7db4d6000-7fd7db4d9000 r--p 00000000 08:03 4456860                    /usr/lib/jvm/java-8-openjdk/jre/lib/amd64/libzip.so
7fd7db4d9000-7fd7db4dd000 r-xp 00003000 08:03 4456860                    /usr/lib/jvm/java-8-openjdk/jre/lib/amd64/libzip.so
7fd7db4dd000-7fd7db4df000 r--p 00007000 08:03 4456860                    /usr/lib/jvm/java-8-openjdk/jre/lib/amd64/libzip.so
7fd7db4df000-7fd7db4e0000 r--p 00008000 08:03 4456860                    /usr/lib/jvm/java-8-openjdk/jre/lib/amd64/libzip.so
7fd7db4e0000-7fd7db4e1000 rw-p 00009000 08:03 4456860                    /usr/lib/jvm/java-8-openjdk/jre/lib/amd64/libzip.so
7fd7db4e1000-7fd7db4e9000 rw-s 00000000 00:2d 42                         /tmp/hsperfdata_quieoo/3604
7fd7db4e9000-7fd7db4ec000 r--p 00000000 08:03 3424892                    /usr/lib/libnss_files-2.31.so
7fd7db4ec000-7fd7db4f3000 r-xp 00003000 08:03 3424892                    /usr/lib/libnss_files-2.31.so
7fd7db4f3000-7fd7db4f5000 r--p 0000a000 08:03 3424892                    /usr/lib/libnss_files-2.31.so
7fd7db4f5000-7fd7db4f6000 r--p 0000b000 08:03 3424892                    /usr/lib/libnss_files-2.31.so
7fd7db4f6000-7fd7db4f7000 rw-p 0000c000 08:03 3424892                    /usr/lib/libnss_files-2.31.so
7fd7db4f7000-7fd7db4fe000 rw-p 00000000 00:00 0 
7fd7db4fe000-7fd7db503000 r--p 00000000 08:03 4456859                    /usr/lib/jvm/java-8-openjdk/jre/lib/amd64/libverify.so
7fd7db503000-7fd7db50a000 r-xp 00005000 08:03 4456859                    /usr/lib/jvm/java-8-openjdk/jre/lib/amd64/libverify.so
7fd7db50a000-7fd7db50c000 r--p 0000c000 08:03 4456859                    /usr/lib/jvm/java-8-openjdk/jre/lib/amd64/libverify.so
7fd7db50c000-7fd7db50d000 ---p 0000e000 08:03 4456859                    /usr/lib/jvm/java-8-openjdk/jre/lib/amd64/libverify.so
7fd7db50d000-7fd7db50f000 r--p 0000e000 08:03 4456859                    /usr/lib/jvm/java-8-openjdk/jre/lib/amd64/libverify.so
7fd7db50f000-7fd7db510000 rw-p 00010000 08:03 4456859                    /usr/lib/jvm/java-8-openjdk/jre/lib/amd64/libverify.so
7fd7db510000-7fd7db513000 r--p 00000000 08:03 4456509                    /usr/lib/jvm/java-8-openjdk/jre/lib/amd64/jli/libjli.so
7fd7db513000-7fd7db51c000 r-xp 00003000 08:03 4456509                    /usr/lib/jvm/java-8-openjdk/jre/lib/amd64/jli/libjli.so
7fd7db51c000-7fd7db51f000 r--p 0000c000 08:03 4456509                    /usr/lib/jvm/java-8-openjdk/jre/lib/amd64/jli/libjli.so
7fd7db51f000-7fd7db520000 r--p 0000e000 08:03 4456509                    /usr/lib/jvm/java-8-openjdk/jre/lib/amd64/jli/libjli.so
7fd7db520000-7fd7db521000 rw-p 0000f000 08:03 4456509                    /usr/lib/jvm/java-8-openjdk/jre/lib/amd64/jli/libjli.so
7fd7db521000-7fd7db523000 rw-p 00000000 00:00 0 
7fd7db523000-7fd7db525000 r--p 00000000 08:03 3416775                    /usr/lib/ld-2.31.so
7fd7db525000-7fd7db545000 r-xp 00002000 08:03 3416775                    /usr/lib/ld-2.31.so
7fd7db545000-7fd7db54d000 r--p 00022000 08:03 3416775                    /usr/lib/ld-2.31.so
7fd7db54d000-7fd7db54e000 r--p 00000000 00:00 0 
7fd7db54e000-7fd7db54f000 r--p 0002a000 08:03 3416775                    /usr/lib/ld-2.31.so
7fd7db54f000-7fd7db550000 rw-p 0002b000 08:03 3416775                    /usr/lib/ld-2.31.so
7fd7db550000-7fd7db551000 rw-p 00000000 00:00 0 
7ffdd209c000-7ffdd20be000 rw-p 00000000 00:00 0                          [stack]
7ffdd2139000-7ffdd213c000 r--p 00000000 00:00 0                          [vvar]
7ffdd213c000-7ffdd213d000 r-xp 00000000 00:00 0                          [vdso]
ffffffffff600000-ffffffffff601000 --xp 00000000 00:00 0                  [vsyscall]

VM Arguments:
java_command: target/iri-1.8.1.jar -n tcp://192.168.0.101:15600 --testnet true --zmq-enable-tcp true --remote true --remote-limit-api true --testnet-coordinator JPDPNHABUWUFZSZWDGEYZBIGILECSAKBDZSEXE9GKNXMD9PAGMGSJTFUGGENFHJKOGWNTCZFFDLURUIET --testnet-coordinator-security-level 1 --testnet-coordinator-signature-mode CURLP27 --mwm 9 --milestone-start 0 --milestone-keys 16 --snapshot snapshot.txt --max-depth 1000
java_class_path (initial): target/iri-1.8.1.jar
Launcher Type: SUN_STANDARD

Environment Variables:
PATH=/home/quieoo/.nvm/versions/node/v12.16.2/bin:/home/quieoo/.local/bin:/home/quieoo/.local/bin:/usr/local/bin:/usr/bin:/bin:/usr/local/sbin:/usr/lib/jvm/default/bin:/usr/bin/site_perl:/usr/bin/vendor_perl:/usr/bin/core_perl:/var/lib/snapd/snap/bin:/usr/lib/go/bin:/home/quieoo/desktop/GO/go/gobin:/usr/lib/jvm/default/bin:/usr/bin/site_perl:/usr/bin/vendor_perl:/usr/bin/core_perl
SHELL=/bin/zsh
DISPLAY=:0.0

Signal Handlers:
SIGSEGV: [libjvm.so+0xa6a400], sa_mask[0]=11111111011111111101111111111110, sa_flags=SA_RESTART|SA_SIGINFO
SIGBUS: [libjvm.so+0xa6a400], sa_mask[0]=11111111011111111101111111111110, sa_flags=SA_RESTART|SA_SIGINFO
SIGFPE: [libjvm.so+0x8c7be0], sa_mask[0]=11111111011111111101111111111110, sa_flags=SA_RESTART|SA_SIGINFO
SIGPIPE: [libjvm.so+0x8c7be0], sa_mask[0]=11111111011111111101111111111110, sa_flags=SA_RESTART|SA_SIGINFO
SIGXFSZ: [libjvm.so+0x8c7be0], sa_mask[0]=11111111011111111101111111111110, sa_flags=SA_RESTART|SA_SIGINFO
SIGILL: [libjvm.so+0x8c7be0], sa_mask[0]=11111111011111111101111111111110, sa_flags=SA_RESTART|SA_SIGINFO
SIGUSR1: SIG_DFL, sa_mask[0]=00000000000000000000000000000000, sa_flags=none
SIGUSR2: [libjvm.so+0x8c7ab0], sa_mask[0]=00000000000000000000000000000000, sa_flags=SA_RESTART|SA_SIGINFO
SIGHUP: [libjvm.so+0x8c7e80], sa_mask[0]=11111111011111111101111111111110, sa_flags=SA_RESTART|SA_SIGINFO
SIGINT: [libjvm.so+0x8c7e80], sa_mask[0]=11111111011111111101111111111110, sa_flags=SA_RESTART|SA_SIGINFO
SIGTERM: [libjvm.so+0x8c7e80], sa_mask[0]=11111111011111111101111111111110, sa_flags=SA_RESTART|SA_SIGINFO
SIGQUIT: [libjvm.so+0x8c7e80], sa_mask[0]=11111111011111111101111111111110, sa_flags=SA_RESTART|SA_SIGINFO


---------------  S Y S T E M  ---------------

OS:DISTRIB_ID=ManjaroLinux
DISTRIB_RELEASE=19.0.2
DISTRIB_CODENAME=Kyria
DISTRIB_DESCRIPTION="Manjaro Linux"

uname:Linux 5.4.31-1-MANJARO #1 SMP PREEMPT Wed Apr 8 10:25:32 UTC 2020 x86_64
libc:glibc 2.31 NPTL 2.31 
rlimit: STACK 8192k, CORE infinity, NPROC 31345, NOFILE 524288, AS infinity
load average:1.44 1.14 1.05

/proc/meminfo:
MemTotal:        8043888 kB
MemFree:         2602260 kB
MemAvailable:    5038224 kB
Buffers:          115180 kB
Cached:          2906368 kB
SwapCached:            0 kB
Active:          2942904 kB
Inactive:        1765628 kB
Active(anon):    2056636 kB
Inactive(anon):    50760 kB
Active(file):     886268 kB
Inactive(file):  1714868 kB
Unevictable:      399996 kB
Mlocked:              80 kB
SwapTotal:             0 kB
SwapFree:              0 kB
Dirty:            341420 kB
Writeback:             0 kB
AnonPages:       2086976 kB
Mapped:           598980 kB
Shmem:            489288 kB
KReclaimable:     120352 kB
Slab:             212688 kB
SReclaimable:     120352 kB
SUnreclaim:        92336 kB
KernelStack:       10064 kB
PageTables:        26828 kB
NFS_Unstable:          0 kB
Bounce:                0 kB
WritebackTmp:          0 kB
CommitLimit:     4021944 kB
Committed_AS:    6746344 kB
VmallocTotal:   34359738367 kB
VmallocUsed:       26380 kB
VmallocChunk:          0 kB
Percpu:             2176 kB
HardwareCorrupted:     0 kB
AnonHugePages:         0 kB
ShmemHugePages:        0 kB
ShmemPmdMapped:        0 kB
FileHugePages:         0 kB
FilePmdMapped:         0 kB
HugePages_Total:       0
HugePages_Free:        0
HugePages_Rsvd:        0
HugePages_Surp:        0
Hugepagesize:       2048 kB
Hugetlb:               0 kB
DirectMap4k:      133684 kB
DirectMap2M:     4999168 kB
DirectMap1G:     3145728 kB

container (cgroup) information:
container_type: cgroupv1
cpu_cpuset_cpus: 0-3
cpu_memory_nodes: 0
active_processor_count: 4
cpu_quota: -1
cpu_period: 100000
cpu_shares: -1
memory_limit_in_bytes: -1
memory_and_swap_limit_in_bytes: -1
memory_soft_limit_in_bytes: -1
memory_usage_in_bytes: 4697354240
memory_max_usage_in_bytes: 5495836672


CPU:total 4 (initial active 4) (4 cores per cpu, 1 threads per core) family 6 model 158 stepping 9, cmov, cx8, fxsr, mmx, sse, sse2, sse3, ssse3, sse4.1, sse4.2, popcnt, avx, avx2, aes, clmul, erms, 3dnowpref, lzcnt, tsc, tscinvbit, bmi1, bmi2, adx

/proc/cpuinfo:
processor	: 0
vendor_id	: GenuineIntel
cpu family	: 6
model		: 158
model name	: Intel(R) Core(TM) i5-7300HQ CPU @ 2.50GHz
stepping	: 9
microcode	: 0xca
cpu MHz		: 3122.860
cache size	: 6144 KB
physical id	: 0
siblings	: 4
core id		: 0
cpu cores	: 4
apicid		: 0
initial apicid	: 0
fpu		: yes
fpu_exception	: yes
cpuid level	: 22
wp		: yes
flags		: fpu vme de pse tsc msr pae mce cx8 apic sep mtrr pge mca cmov pat pse36 clflush dts acpi mmx fxsr sse sse2 ss ht tm pbe syscall nx pdpe1gb rdtscp lm constant_tsc art arch_perfmon pebs bts rep_good nopl xtopology nonstop_tsc cpuid aperfmperf pni pclmulqdq dtes64 monitor ds_cpl vmx est tm2 ssse3 sdbg fma cx16 xtpr pdcm pcid sse4_1 sse4_2 x2apic movbe popcnt tsc_deadline_timer aes xsave avx f16c rdrand lahf_lm abm 3dnowprefetch cpuid_fault invpcid_single pti ssbd ibrs ibpb stibp tpr_shadow vnmi flexpriority ept vpid ept_ad fsgsbase tsc_adjust bmi1 avx2 smep bmi2 erms invpcid mpx rdseed adx smap clflushopt intel_pt xsaveopt xsavec xgetbv1 xsaves dtherm ida arat pln pts hwp hwp_notify hwp_act_window hwp_epp md_clear flush_l1d
bugs		: cpu_meltdown spectre_v1 spectre_v2 spec_store_bypass l1tf mds swapgs itlb_multihit
bogomips	: 5001.23
clflush size	: 64
cache_alignment	: 64
address sizes	: 39 bits physical, 48 bits virtual
power management:

processor	: 1
vendor_id	: GenuineIntel
cpu family	: 6
model		: 158
model name	: Intel(R) Core(TM) i5-7300HQ CPU @ 2.50GHz
stepping	: 9
microcode	: 0xca
cpu MHz		: 3148.616
cache size	: 6144 KB
physical id	: 0
siblings	: 4
core id		: 1
cpu cores	: 4
apicid		: 2
initial apicid	: 2
fpu		: yes
fpu_exception	: yes
cpuid level	: 22
wp		: yes
flags		: fpu vme de pse tsc msr pae mce cx8 apic sep mtrr pge mca cmov pat pse36 clflush dts acpi mmx fxsr sse sse2 ss ht tm pbe syscall nx pdpe1gb rdtscp lm constant_tsc art arch_perfmon pebs bts rep_good nopl xtopology nonstop_tsc cpuid aperfmperf pni pclmulqdq dtes64 monitor ds_cpl vmx est tm2 ssse3 sdbg fma cx16 xtpr pdcm pcid sse4_1 sse4_2 x2apic movbe popcnt tsc_deadline_timer aes xsave avx f16c rdrand lahf_lm abm 3dnowprefetch cpuid_fault invpcid_single pti ssbd ibrs ibpb stibp tpr_shadow vnmi flexpriority ept vpid ept_ad fsgsbase tsc_adjust bmi1 avx2 smep bmi2 erms invpcid mpx rdseed adx smap clflushopt intel_pt xsaveopt xsavec xgetbv1 xsaves dtherm ida arat pln pts hwp hwp_notify hwp_act_window hwp_epp md_clear flush_l1d
bugs		: cpu_meltdown spectre_v1 spectre_v2 spec_store_bypass l1tf mds swapgs itlb_multihit
bogomips	: 5001.23
clflush size	: 64
cache_alignment	: 64
address sizes	: 39 bits physical, 48 bits virtual
power management:

processor	: 2
vendor_id	: GenuineIntel
cpu family	: 6
model		: 158
model name	: Intel(R) Core(TM) i5-7300HQ CPU @ 2.50GHz
stepping	: 9
microcode	: 0xca
cpu MHz		: 3146.913
cache size	: 6144 KB
physical id	: 0
siblings	: 4
core id		: 2
cpu cores	: 4
apicid		: 4
initial apicid	: 4
fpu		: yes
fpu_exception	: yes
cpuid level	: 22
wp		: yes
flags		: fpu vme de pse tsc msr pae mce cx8 apic sep mtrr pge mca cmov pat pse36 clflush dts acpi mmx fxsr sse sse2 ss ht tm pbe syscall nx pdpe1gb rdtscp lm constant_tsc art arch_perfmon pebs bts rep_good nopl xtopology nonstop_tsc cpuid aperfmperf pni pclmulqdq dtes64 monitor ds_cpl vmx est tm2 ssse3 sdbg fma cx16 xtpr pdcm pcid sse4_1 sse4_2 x2apic movbe popcnt tsc_deadline_timer aes xsave avx f16c rdrand lahf_lm abm 3dnowprefetch cpuid_fault invpcid_single pti ssbd ibrs ibpb stibp tpr_shadow vnmi flexpriority ept vpid ept_ad fsgsbase tsc_adjust bmi1 avx2 smep bmi2 erms invpcid mpx rdseed adx smap clflushopt intel_pt xsaveopt xsavec xgetbv1 xsaves dtherm ida arat pln pts hwp hwp_notify hwp_act_window hwp_epp md_clear flush_l1d
bugs		: cpu_meltdown spectre_v1 spectre_v2 spec_store_bypass l1tf mds swapgs itlb_multihit
bogomips	: 5001.23
clflush size	: 64
cache_alignment	: 64
address sizes	: 39 bits physical, 48 bits virtual
power management:

processor	: 3
vendor_id	: GenuineIntel
cpu family	: 6
model		: 158
model name	: Intel(R) Core(TM) i5-7300HQ CPU @ 2.50GHz
stepping	: 9
microcode	: 0xca
cpu MHz		: 3144.402
cache size	: 6144 KB
physical id	: 0
siblings	: 4
core id		: 3
cpu cores	: 4
apicid		: 6
initial apicid	: 6
fpu		: yes
fpu_exception	: yes
cpuid level	: 22
wp		: yes
flags		: fpu vme de pse tsc msr pae mce cx8 apic sep mtrr pge mca cmov pat pse36 clflush dts acpi mmx fxsr sse sse2 ss ht tm pbe syscall nx pdpe1gb rdtscp lm constant_tsc art arch_perfmon pebs bts rep_good nopl xtopology nonstop_tsc cpuid aperfmperf pni pclmulqdq dtes64 monitor ds_cpl vmx est tm2 ssse3 sdbg fma cx16 xtpr pdcm pcid sse4_1 sse4_2 x2apic movbe popcnt tsc_deadline_timer aes xsave avx f16c rdrand lahf_lm abm 3dnowprefetch cpuid_fault invpcid_single pti ssbd ibrs ibpb stibp tpr_shadow vnmi flexpriority ept vpid ept_ad fsgsbase tsc_adjust bmi1 avx2 smep bmi2 erms invpcid mpx rdseed adx smap clflushopt intel_pt xsaveopt xsavec xgetbv1 xsaves dtherm ida arat pln pts hwp hwp_notify hwp_act_window hwp_epp md_clear flush_l1d
bugs		: cpu_meltdown spectre_v1 spectre_v2 spec_store_bypass l1tf mds swapgs itlb_multihit
bogomips	: 5001.23
clflush size	: 64
cache_alignment	: 64
address sizes	: 39 bits physical, 48 bits virtual
power management:



Memory: 4k page, physical 8043888k(2602340k free), swap 0k(0k free)

vm_info: OpenJDK 64-Bit Server VM (25.242-b08) for linux-amd64 JRE (1.8.0_242-b08), built on Jan 26 2020 11:52:10 by "builduser" with gcc 9.2.0

time: Thu Apr 16 22:48:41 2020
timezone: CST
elapsed time: 406 seconds (0d 0h 6m 46s)

